CRITICAL - 2022-02-21 20:21:05 --> Invalid file: layouts/ccomponents/sidebar.php
#0 G:\Xammpp\htdocs\app_cafe_retnowinda\vendor\codeigniter4\framework\system\View\View.php(198): CodeIgniter\Exceptions\FrameworkException::forInvalidFile('layouts/ccompon...')
#1 G:\Xammpp\htdocs\app_cafe_retnowinda\vendor\codeigniter4\framework\system\View\View.php(424): CodeIgniter\View\View->render('layouts/ccompon...', NULL, true)
#2 G:\Xammpp\htdocs\app_cafe_retnowinda\app\Views\layouts\admin.php(29): CodeIgniter\View\View->include('layouts/ccompon...')
#3 G:\Xammpp\htdocs\app_cafe_retnowinda\vendor\codeigniter4\framework\system\View\View.php(210): include('G:\\Xammpp\\htdoc...')
#4 G:\Xammpp\htdocs\app_cafe_retnowinda\vendor\codeigniter4\framework\system\View\View.php(213): CodeIgniter\View\View->CodeIgniter\View\{closure}()
#5 G:\Xammpp\htdocs\app_cafe_retnowinda\vendor\codeigniter4\framework\system\View\View.php(226): CodeIgniter\View\View->render('layouts/admin', Array, true)
#6 G:\Xammpp\htdocs\app_cafe_retnowinda\vendor\codeigniter4\framework\system\Common.php(1089): CodeIgniter\View\View->render('dashboard', Array, true)
#7 G:\Xammpp\htdocs\app_cafe_retnowinda\app\Controllers\Home.php(13): view('dashboard')
#8 G:\Xammpp\htdocs\app_cafe_retnowinda\vendor\codeigniter4\framework\system\CodeIgniter.php(825): App\Controllers\Home->dashboard()
#9 G:\Xammpp\htdocs\app_cafe_retnowinda\vendor\codeigniter4\framework\system\CodeIgniter.php(412): CodeIgniter\CodeIgniter->runController(Object(App\Controllers\Home))
#10 G:\Xammpp\htdocs\app_cafe_retnowinda\vendor\codeigniter4\framework\system\CodeIgniter.php(320): CodeIgniter\CodeIgniter->handleRequest(NULL, Object(Config\Cache), false)
#11 G:\Xammpp\htdocs\app_cafe_retnowinda\public\index.php(37): CodeIgniter\CodeIgniter->run()
#12 G:\Xammpp\htdocs\app_cafe_retnowinda\vendor\codeigniter4\framework\system\Commands\Server\rewrite.php(43): require_once('G:\\Xammpp\\htdoc...')
#13 {main}
CRITICAL - 2022-02-21 20:22:31 --> Invalid file: layouts/ccomponents/sidebar.php
#0 G:\Xammpp\htdocs\app_cafe_retnowinda\vendor\codeigniter4\framework\system\View\View.php(198): CodeIgniter\Exceptions\FrameworkException::forInvalidFile('layouts/ccompon...')
#1 G:\Xammpp\htdocs\app_cafe_retnowinda\vendor\codeigniter4\framework\system\View\View.php(424): CodeIgniter\View\View->render('layouts/ccompon...', NULL, true)
#2 G:\Xammpp\htdocs\app_cafe_retnowinda\app\Views\layouts\admin.php(29): CodeIgniter\View\View->include('layouts/ccompon...')
#3 G:\Xammpp\htdocs\app_cafe_retnowinda\vendor\codeigniter4\framework\system\View\View.php(210): include('G:\\Xammpp\\htdoc...')
#4 G:\Xammpp\htdocs\app_cafe_retnowinda\vendor\codeigniter4\framework\system\View\View.php(213): CodeIgniter\View\View->CodeIgniter\View\{closure}()
#5 G:\Xammpp\htdocs\app_cafe_retnowinda\vendor\codeigniter4\framework\system\View\View.php(226): CodeIgniter\View\View->render('layouts/admin', Array, true)
#6 G:\Xammpp\htdocs\app_cafe_retnowinda\vendor\codeigniter4\framework\system\Common.php(1089): CodeIgniter\View\View->render('dashboard', Array, true)
#7 G:\Xammpp\htdocs\app_cafe_retnowinda\app\Controllers\Home.php(13): view('dashboard')
#8 G:\Xammpp\htdocs\app_cafe_retnowinda\vendor\codeigniter4\framework\system\CodeIgniter.php(825): App\Controllers\Home->dashboard()
#9 G:\Xammpp\htdocs\app_cafe_retnowinda\vendor\codeigniter4\framework\system\CodeIgniter.php(412): CodeIgniter\CodeIgniter->runController(Object(App\Controllers\Home))
#10 G:\Xammpp\htdocs\app_cafe_retnowinda\vendor\codeigniter4\framework\system\CodeIgniter.php(320): CodeIgniter\CodeIgniter->handleRequest(NULL, Object(Config\Cache), false)
#11 G:\Xammpp\htdocs\app_cafe_retnowinda\public\index.php(37): CodeIgniter\CodeIgniter->run()
#12 G:\Xammpp\htdocs\app_cafe_retnowinda\vendor\codeigniter4\framework\system\Commands\Server\rewrite.php(43): require_once('G:\\Xammpp\\htdoc...')
#13 {main}
CRITICAL - 2022-02-21 20:22:32 --> Invalid file: layouts/ccomponents/sidebar.php
#0 G:\Xammpp\htdocs\app_cafe_retnowinda\vendor\codeigniter4\framework\system\View\View.php(198): CodeIgniter\Exceptions\FrameworkException::forInvalidFile('layouts/ccompon...')
#1 G:\Xammpp\htdocs\app_cafe_retnowinda\vendor\codeigniter4\framework\system\View\View.php(424): CodeIgniter\View\View->render('layouts/ccompon...', NULL, true)
#2 G:\Xammpp\htdocs\app_cafe_retnowinda\app\Views\layouts\admin.php(29): CodeIgniter\View\View->include('layouts/ccompon...')
#3 G:\Xammpp\htdocs\app_cafe_retnowinda\vendor\codeigniter4\framework\system\View\View.php(210): include('G:\\Xammpp\\htdoc...')
#4 G:\Xammpp\htdocs\app_cafe_retnowinda\vendor\codeigniter4\framework\system\View\View.php(213): CodeIgniter\View\View->CodeIgniter\View\{closure}()
#5 G:\Xammpp\htdocs\app_cafe_retnowinda\vendor\codeigniter4\framework\system\View\View.php(226): CodeIgniter\View\View->render('layouts/admin', Array, true)
#6 G:\Xammpp\htdocs\app_cafe_retnowinda\vendor\codeigniter4\framework\system\Common.php(1089): CodeIgniter\View\View->render('dashboard', Array, true)
#7 G:\Xammpp\htdocs\app_cafe_retnowinda\app\Controllers\Home.php(13): view('dashboard')
#8 G:\Xammpp\htdocs\app_cafe_retnowinda\vendor\codeigniter4\framework\system\CodeIgniter.php(825): App\Controllers\Home->dashboard()
#9 G:\Xammpp\htdocs\app_cafe_retnowinda\vendor\codeigniter4\framework\system\CodeIgniter.php(412): CodeIgniter\CodeIgniter->runController(Object(App\Controllers\Home))
#10 G:\Xammpp\htdocs\app_cafe_retnowinda\vendor\codeigniter4\framework\system\CodeIgniter.php(320): CodeIgniter\CodeIgniter->handleRequest(NULL, Object(Config\Cache), false)
#11 G:\Xammpp\htdocs\app_cafe_retnowinda\public\index.php(37): CodeIgniter\CodeIgniter->run()
#12 G:\Xammpp\htdocs\app_cafe_retnowinda\vendor\codeigniter4\framework\system\Commands\Server\rewrite.php(43): require_once('G:\\Xammpp\\htdoc...')
#13 {main}
CRITICAL - 2022-02-21 20:22:32 --> Invalid file: layouts/ccomponents/sidebar.php
#0 G:\Xammpp\htdocs\app_cafe_retnowinda\vendor\codeigniter4\framework\system\View\View.php(198): CodeIgniter\Exceptions\FrameworkException::forInvalidFile('layouts/ccompon...')
#1 G:\Xammpp\htdocs\app_cafe_retnowinda\vendor\codeigniter4\framework\system\View\View.php(424): CodeIgniter\View\View->render('layouts/ccompon...', NULL, true)
#2 G:\Xammpp\htdocs\app_cafe_retnowinda\app\Views\layouts\admin.php(29): CodeIgniter\View\View->include('layouts/ccompon...')
#3 G:\Xammpp\htdocs\app_cafe_retnowinda\vendor\codeigniter4\framework\system\View\View.php(210): include('G:\\Xammpp\\htdoc...')
#4 G:\Xammpp\htdocs\app_cafe_retnowinda\vendor\codeigniter4\framework\system\View\View.php(213): CodeIgniter\View\View->CodeIgniter\View\{closure}()
#5 G:\Xammpp\htdocs\app_cafe_retnowinda\vendor\codeigniter4\framework\system\View\View.php(226): CodeIgniter\View\View->render('layouts/admin', Array, true)
#6 G:\Xammpp\htdocs\app_cafe_retnowinda\vendor\codeigniter4\framework\system\Common.php(1089): CodeIgniter\View\View->render('dashboard', Array, true)
#7 G:\Xammpp\htdocs\app_cafe_retnowinda\app\Controllers\Home.php(13): view('dashboard')
#8 G:\Xammpp\htdocs\app_cafe_retnowinda\vendor\codeigniter4\framework\system\CodeIgniter.php(825): App\Controllers\Home->dashboard()
#9 G:\Xammpp\htdocs\app_cafe_retnowinda\vendor\codeigniter4\framework\system\CodeIgniter.php(412): CodeIgniter\CodeIgniter->runController(Object(App\Controllers\Home))
#10 G:\Xammpp\htdocs\app_cafe_retnowinda\vendor\codeigniter4\framework\system\CodeIgniter.php(320): CodeIgniter\CodeIgniter->handleRequest(NULL, Object(Config\Cache), false)
#11 G:\Xammpp\htdocs\app_cafe_retnowinda\public\index.php(37): CodeIgniter\CodeIgniter->run()
#12 G:\Xammpp\htdocs\app_cafe_retnowinda\vendor\codeigniter4\framework\system\Commands\Server\rewrite.php(43): require_once('G:\\Xammpp\\htdoc...')
#13 {main}
CRITICAL - 2022-02-21 20:22:33 --> Invalid file: layouts/ccomponents/sidebar.php
#0 G:\Xammpp\htdocs\app_cafe_retnowinda\vendor\codeigniter4\framework\system\View\View.php(198): CodeIgniter\Exceptions\FrameworkException::forInvalidFile('layouts/ccompon...')
#1 G:\Xammpp\htdocs\app_cafe_retnowinda\vendor\codeigniter4\framework\system\View\View.php(424): CodeIgniter\View\View->render('layouts/ccompon...', NULL, true)
#2 G:\Xammpp\htdocs\app_cafe_retnowinda\app\Views\layouts\admin.php(29): CodeIgniter\View\View->include('layouts/ccompon...')
#3 G:\Xammpp\htdocs\app_cafe_retnowinda\vendor\codeigniter4\framework\system\View\View.php(210): include('G:\\Xammpp\\htdoc...')
#4 G:\Xammpp\htdocs\app_cafe_retnowinda\vendor\codeigniter4\framework\system\View\View.php(213): CodeIgniter\View\View->CodeIgniter\View\{closure}()
#5 G:\Xammpp\htdocs\app_cafe_retnowinda\vendor\codeigniter4\framework\system\View\View.php(226): CodeIgniter\View\View->render('layouts/admin', Array, true)
#6 G:\Xammpp\htdocs\app_cafe_retnowinda\vendor\codeigniter4\framework\system\Common.php(1089): CodeIgniter\View\View->render('dashboard', Array, true)
#7 G:\Xammpp\htdocs\app_cafe_retnowinda\app\Controllers\Home.php(13): view('dashboard')
#8 G:\Xammpp\htdocs\app_cafe_retnowinda\vendor\codeigniter4\framework\system\CodeIgniter.php(825): App\Controllers\Home->dashboard()
#9 G:\Xammpp\htdocs\app_cafe_retnowinda\vendor\codeigniter4\framework\system\CodeIgniter.php(412): CodeIgniter\CodeIgniter->runController(Object(App\Controllers\Home))
#10 G:\Xammpp\htdocs\app_cafe_retnowinda\vendor\codeigniter4\framework\system\CodeIgniter.php(320): CodeIgniter\CodeIgniter->handleRequest(NULL, Object(Config\Cache), false)
#11 G:\Xammpp\htdocs\app_cafe_retnowinda\public\index.php(37): CodeIgniter\CodeIgniter->run()
#12 G:\Xammpp\htdocs\app_cafe_retnowinda\vendor\codeigniter4\framework\system\Commands\Server\rewrite.php(43): require_once('G:\\Xammpp\\htdoc...')
#13 {main}
CRITICAL - 2022-02-21 20:22:33 --> Invalid file: layouts/ccomponents/sidebar.php
#0 G:\Xammpp\htdocs\app_cafe_retnowinda\vendor\codeigniter4\framework\system\View\View.php(198): CodeIgniter\Exceptions\FrameworkException::forInvalidFile('layouts/ccompon...')
#1 G:\Xammpp\htdocs\app_cafe_retnowinda\vendor\codeigniter4\framework\system\View\View.php(424): CodeIgniter\View\View->render('layouts/ccompon...', NULL, true)
#2 G:\Xammpp\htdocs\app_cafe_retnowinda\app\Views\layouts\admin.php(29): CodeIgniter\View\View->include('layouts/ccompon...')
#3 G:\Xammpp\htdocs\app_cafe_retnowinda\vendor\codeigniter4\framework\system\View\View.php(210): include('G:\\Xammpp\\htdoc...')
#4 G:\Xammpp\htdocs\app_cafe_retnowinda\vendor\codeigniter4\framework\system\View\View.php(213): CodeIgniter\View\View->CodeIgniter\View\{closure}()
#5 G:\Xammpp\htdocs\app_cafe_retnowinda\vendor\codeigniter4\framework\system\View\View.php(226): CodeIgniter\View\View->render('layouts/admin', Array, true)
#6 G:\Xammpp\htdocs\app_cafe_retnowinda\vendor\codeigniter4\framework\system\Common.php(1089): CodeIgniter\View\View->render('dashboard', Array, true)
#7 G:\Xammpp\htdocs\app_cafe_retnowinda\app\Controllers\Home.php(13): view('dashboard')
#8 G:\Xammpp\htdocs\app_cafe_retnowinda\vendor\codeigniter4\framework\system\CodeIgniter.php(825): App\Controllers\Home->dashboard()
#9 G:\Xammpp\htdocs\app_cafe_retnowinda\vendor\codeigniter4\framework\system\CodeIgniter.php(412): CodeIgniter\CodeIgniter->runController(Object(App\Controllers\Home))
#10 G:\Xammpp\htdocs\app_cafe_retnowinda\vendor\codeigniter4\framework\system\CodeIgniter.php(320): CodeIgniter\CodeIgniter->handleRequest(NULL, Object(Config\Cache), false)
#11 G:\Xammpp\htdocs\app_cafe_retnowinda\public\index.php(37): CodeIgniter\CodeIgniter->run()
#12 G:\Xammpp\htdocs\app_cafe_retnowinda\vendor\codeigniter4\framework\system\Commands\Server\rewrite.php(43): require_once('G:\\Xammpp\\htdoc...')
#13 {main}
CRITICAL - 2022-02-21 20:22:33 --> Invalid file: layouts/ccomponents/sidebar.php
#0 G:\Xammpp\htdocs\app_cafe_retnowinda\vendor\codeigniter4\framework\system\View\View.php(198): CodeIgniter\Exceptions\FrameworkException::forInvalidFile('layouts/ccompon...')
#1 G:\Xammpp\htdocs\app_cafe_retnowinda\vendor\codeigniter4\framework\system\View\View.php(424): CodeIgniter\View\View->render('layouts/ccompon...', NULL, true)
#2 G:\Xammpp\htdocs\app_cafe_retnowinda\app\Views\layouts\admin.php(29): CodeIgniter\View\View->include('layouts/ccompon...')
#3 G:\Xammpp\htdocs\app_cafe_retnowinda\vendor\codeigniter4\framework\system\View\View.php(210): include('G:\\Xammpp\\htdoc...')
#4 G:\Xammpp\htdocs\app_cafe_retnowinda\vendor\codeigniter4\framework\system\View\View.php(213): CodeIgniter\View\View->CodeIgniter\View\{closure}()
#5 G:\Xammpp\htdocs\app_cafe_retnowinda\vendor\codeigniter4\framework\system\View\View.php(226): CodeIgniter\View\View->render('layouts/admin', Array, true)
#6 G:\Xammpp\htdocs\app_cafe_retnowinda\vendor\codeigniter4\framework\system\Common.php(1089): CodeIgniter\View\View->render('dashboard', Array, true)
#7 G:\Xammpp\htdocs\app_cafe_retnowinda\app\Controllers\Home.php(13): view('dashboard')
#8 G:\Xammpp\htdocs\app_cafe_retnowinda\vendor\codeigniter4\framework\system\CodeIgniter.php(825): App\Controllers\Home->dashboard()
#9 G:\Xammpp\htdocs\app_cafe_retnowinda\vendor\codeigniter4\framework\system\CodeIgniter.php(412): CodeIgniter\CodeIgniter->runController(Object(App\Controllers\Home))
#10 G:\Xammpp\htdocs\app_cafe_retnowinda\vendor\codeigniter4\framework\system\CodeIgniter.php(320): CodeIgniter\CodeIgniter->handleRequest(NULL, Object(Config\Cache), false)
#11 G:\Xammpp\htdocs\app_cafe_retnowinda\public\index.php(37): CodeIgniter\CodeIgniter->run()
#12 G:\Xammpp\htdocs\app_cafe_retnowinda\vendor\codeigniter4\framework\system\Commands\Server\rewrite.php(43): require_once('G:\\Xammpp\\htdoc...')
#13 {main}
CRITICAL - 2022-02-21 20:22:33 --> Invalid file: layouts/ccomponents/sidebar.php
#0 G:\Xammpp\htdocs\app_cafe_retnowinda\vendor\codeigniter4\framework\system\View\View.php(198): CodeIgniter\Exceptions\FrameworkException::forInvalidFile('layouts/ccompon...')
#1 G:\Xammpp\htdocs\app_cafe_retnowinda\vendor\codeigniter4\framework\system\View\View.php(424): CodeIgniter\View\View->render('layouts/ccompon...', NULL, true)
#2 G:\Xammpp\htdocs\app_cafe_retnowinda\app\Views\layouts\admin.php(29): CodeIgniter\View\View->include('layouts/ccompon...')
#3 G:\Xammpp\htdocs\app_cafe_retnowinda\vendor\codeigniter4\framework\system\View\View.php(210): include('G:\\Xammpp\\htdoc...')
#4 G:\Xammpp\htdocs\app_cafe_retnowinda\vendor\codeigniter4\framework\system\View\View.php(213): CodeIgniter\View\View->CodeIgniter\View\{closure}()
#5 G:\Xammpp\htdocs\app_cafe_retnowinda\vendor\codeigniter4\framework\system\View\View.php(226): CodeIgniter\View\View->render('layouts/admin', Array, true)
#6 G:\Xammpp\htdocs\app_cafe_retnowinda\vendor\codeigniter4\framework\system\Common.php(1089): CodeIgniter\View\View->render('dashboard', Array, true)
#7 G:\Xammpp\htdocs\app_cafe_retnowinda\app\Controllers\Home.php(13): view('dashboard')
#8 G:\Xammpp\htdocs\app_cafe_retnowinda\vendor\codeigniter4\framework\system\CodeIgniter.php(825): App\Controllers\Home->dashboard()
#9 G:\Xammpp\htdocs\app_cafe_retnowinda\vendor\codeigniter4\framework\system\CodeIgniter.php(412): CodeIgniter\CodeIgniter->runController(Object(App\Controllers\Home))
#10 G:\Xammpp\htdocs\app_cafe_retnowinda\vendor\codeigniter4\framework\system\CodeIgniter.php(320): CodeIgniter\CodeIgniter->handleRequest(NULL, Object(Config\Cache), false)
#11 G:\Xammpp\htdocs\app_cafe_retnowinda\public\index.php(37): CodeIgniter\CodeIgniter->run()
#12 G:\Xammpp\htdocs\app_cafe_retnowinda\vendor\codeigniter4\framework\system\Commands\Server\rewrite.php(43): require_once('G:\\Xammpp\\htdoc...')
#13 {main}
CRITICAL - 2022-02-21 20:22:33 --> Invalid file: layouts/ccomponents/sidebar.php
#0 G:\Xammpp\htdocs\app_cafe_retnowinda\vendor\codeigniter4\framework\system\View\View.php(198): CodeIgniter\Exceptions\FrameworkException::forInvalidFile('layouts/ccompon...')
#1 G:\Xammpp\htdocs\app_cafe_retnowinda\vendor\codeigniter4\framework\system\View\View.php(424): CodeIgniter\View\View->render('layouts/ccompon...', NULL, true)
#2 G:\Xammpp\htdocs\app_cafe_retnowinda\app\Views\layouts\admin.php(29): CodeIgniter\View\View->include('layouts/ccompon...')
#3 G:\Xammpp\htdocs\app_cafe_retnowinda\vendor\codeigniter4\framework\system\View\View.php(210): include('G:\\Xammpp\\htdoc...')
#4 G:\Xammpp\htdocs\app_cafe_retnowinda\vendor\codeigniter4\framework\system\View\View.php(213): CodeIgniter\View\View->CodeIgniter\View\{closure}()
#5 G:\Xammpp\htdocs\app_cafe_retnowinda\vendor\codeigniter4\framework\system\View\View.php(226): CodeIgniter\View\View->render('layouts/admin', Array, true)
#6 G:\Xammpp\htdocs\app_cafe_retnowinda\vendor\codeigniter4\framework\system\Common.php(1089): CodeIgniter\View\View->render('dashboard', Array, true)
#7 G:\Xammpp\htdocs\app_cafe_retnowinda\app\Controllers\Home.php(13): view('dashboard')
#8 G:\Xammpp\htdocs\app_cafe_retnowinda\vendor\codeigniter4\framework\system\CodeIgniter.php(825): App\Controllers\Home->dashboard()
#9 G:\Xammpp\htdocs\app_cafe_retnowinda\vendor\codeigniter4\framework\system\CodeIgniter.php(412): CodeIgniter\CodeIgniter->runController(Object(App\Controllers\Home))
#10 G:\Xammpp\htdocs\app_cafe_retnowinda\vendor\codeigniter4\framework\system\CodeIgniter.php(320): CodeIgniter\CodeIgniter->handleRequest(NULL, Object(Config\Cache), false)
#11 G:\Xammpp\htdocs\app_cafe_retnowinda\public\index.php(37): CodeIgniter\CodeIgniter->run()
#12 G:\Xammpp\htdocs\app_cafe_retnowinda\vendor\codeigniter4\framework\system\Commands\Server\rewrite.php(43): require_once('G:\\Xammpp\\htdoc...')
#13 {main}
CRITICAL - 2022-02-21 20:22:33 --> Invalid file: layouts/ccomponents/sidebar.php
#0 G:\Xammpp\htdocs\app_cafe_retnowinda\vendor\codeigniter4\framework\system\View\View.php(198): CodeIgniter\Exceptions\FrameworkException::forInvalidFile('layouts/ccompon...')
#1 G:\Xammpp\htdocs\app_cafe_retnowinda\vendor\codeigniter4\framework\system\View\View.php(424): CodeIgniter\View\View->render('layouts/ccompon...', NULL, true)
#2 G:\Xammpp\htdocs\app_cafe_retnowinda\app\Views\layouts\admin.php(29): CodeIgniter\View\View->include('layouts/ccompon...')
#3 G:\Xammpp\htdocs\app_cafe_retnowinda\vendor\codeigniter4\framework\system\View\View.php(210): include('G:\\Xammpp\\htdoc...')
#4 G:\Xammpp\htdocs\app_cafe_retnowinda\vendor\codeigniter4\framework\system\View\View.php(213): CodeIgniter\View\View->CodeIgniter\View\{closure}()
#5 G:\Xammpp\htdocs\app_cafe_retnowinda\vendor\codeigniter4\framework\system\View\View.php(226): CodeIgniter\View\View->render('layouts/admin', Array, true)
#6 G:\Xammpp\htdocs\app_cafe_retnowinda\vendor\codeigniter4\framework\system\Common.php(1089): CodeIgniter\View\View->render('dashboard', Array, true)
#7 G:\Xammpp\htdocs\app_cafe_retnowinda\app\Controllers\Home.php(13): view('dashboard')
#8 G:\Xammpp\htdocs\app_cafe_retnowinda\vendor\codeigniter4\framework\system\CodeIgniter.php(825): App\Controllers\Home->dashboard()
#9 G:\Xammpp\htdocs\app_cafe_retnowinda\vendor\codeigniter4\framework\system\CodeIgniter.php(412): CodeIgniter\CodeIgniter->runController(Object(App\Controllers\Home))
#10 G:\Xammpp\htdocs\app_cafe_retnowinda\vendor\codeigniter4\framework\system\CodeIgniter.php(320): CodeIgniter\CodeIgniter->handleRequest(NULL, Object(Config\Cache), false)
#11 G:\Xammpp\htdocs\app_cafe_retnowinda\public\index.php(37): CodeIgniter\CodeIgniter->run()
#12 G:\Xammpp\htdocs\app_cafe_retnowinda\vendor\codeigniter4\framework\system\Commands\Server\rewrite.php(43): require_once('G:\\Xammpp\\htdoc...')
#13 {main}
CRITICAL - 2022-02-21 20:22:34 --> Invalid file: layouts/ccomponents/sidebar.php
#0 G:\Xammpp\htdocs\app_cafe_retnowinda\vendor\codeigniter4\framework\system\View\View.php(198): CodeIgniter\Exceptions\FrameworkException::forInvalidFile('layouts/ccompon...')
#1 G:\Xammpp\htdocs\app_cafe_retnowinda\vendor\codeigniter4\framework\system\View\View.php(424): CodeIgniter\View\View->render('layouts/ccompon...', NULL, true)
#2 G:\Xammpp\htdocs\app_cafe_retnowinda\app\Views\layouts\admin.php(29): CodeIgniter\View\View->include('layouts/ccompon...')
#3 G:\Xammpp\htdocs\app_cafe_retnowinda\vendor\codeigniter4\framework\system\View\View.php(210): include('G:\\Xammpp\\htdoc...')
#4 G:\Xammpp\htdocs\app_cafe_retnowinda\vendor\codeigniter4\framework\system\View\View.php(213): CodeIgniter\View\View->CodeIgniter\View\{closure}()
#5 G:\Xammpp\htdocs\app_cafe_retnowinda\vendor\codeigniter4\framework\system\View\View.php(226): CodeIgniter\View\View->render('layouts/admin', Array, true)
#6 G:\Xammpp\htdocs\app_cafe_retnowinda\vendor\codeigniter4\framework\system\Common.php(1089): CodeIgniter\View\View->render('dashboard', Array, true)
#7 G:\Xammpp\htdocs\app_cafe_retnowinda\app\Controllers\Home.php(13): view('dashboard')
#8 G:\Xammpp\htdocs\app_cafe_retnowinda\vendor\codeigniter4\framework\system\CodeIgniter.php(825): App\Controllers\Home->dashboard()
#9 G:\Xammpp\htdocs\app_cafe_retnowinda\vendor\codeigniter4\framework\system\CodeIgniter.php(412): CodeIgniter\CodeIgniter->runController(Object(App\Controllers\Home))
#10 G:\Xammpp\htdocs\app_cafe_retnowinda\vendor\codeigniter4\framework\system\CodeIgniter.php(320): CodeIgniter\CodeIgniter->handleRequest(NULL, Object(Config\Cache), false)
#11 G:\Xammpp\htdocs\app_cafe_retnowinda\public\index.php(37): CodeIgniter\CodeIgniter->run()
#12 G:\Xammpp\htdocs\app_cafe_retnowinda\vendor\codeigniter4\framework\system\Commands\Server\rewrite.php(43): require_once('G:\\Xammpp\\htdoc...')
#13 {main}
CRITICAL - 2022-02-21 20:22:34 --> Invalid file: layouts/ccomponents/sidebar.php
#0 G:\Xammpp\htdocs\app_cafe_retnowinda\vendor\codeigniter4\framework\system\View\View.php(198): CodeIgniter\Exceptions\FrameworkException::forInvalidFile('layouts/ccompon...')
#1 G:\Xammpp\htdocs\app_cafe_retnowinda\vendor\codeigniter4\framework\system\View\View.php(424): CodeIgniter\View\View->render('layouts/ccompon...', NULL, true)
#2 G:\Xammpp\htdocs\app_cafe_retnowinda\app\Views\layouts\admin.php(29): CodeIgniter\View\View->include('layouts/ccompon...')
#3 G:\Xammpp\htdocs\app_cafe_retnowinda\vendor\codeigniter4\framework\system\View\View.php(210): include('G:\\Xammpp\\htdoc...')
#4 G:\Xammpp\htdocs\app_cafe_retnowinda\vendor\codeigniter4\framework\system\View\View.php(213): CodeIgniter\View\View->CodeIgniter\View\{closure}()
#5 G:\Xammpp\htdocs\app_cafe_retnowinda\vendor\codeigniter4\framework\system\View\View.php(226): CodeIgniter\View\View->render('layouts/admin', Array, true)
#6 G:\Xammpp\htdocs\app_cafe_retnowinda\vendor\codeigniter4\framework\system\Common.php(1089): CodeIgniter\View\View->render('dashboard', Array, true)
#7 G:\Xammpp\htdocs\app_cafe_retnowinda\app\Controllers\Home.php(13): view('dashboard')
#8 G:\Xammpp\htdocs\app_cafe_retnowinda\vendor\codeigniter4\framework\system\CodeIgniter.php(825): App\Controllers\Home->dashboard()
#9 G:\Xammpp\htdocs\app_cafe_retnowinda\vendor\codeigniter4\framework\system\CodeIgniter.php(412): CodeIgniter\CodeIgniter->runController(Object(App\Controllers\Home))
#10 G:\Xammpp\htdocs\app_cafe_retnowinda\vendor\codeigniter4\framework\system\CodeIgniter.php(320): CodeIgniter\CodeIgniter->handleRequest(NULL, Object(Config\Cache), false)
#11 G:\Xammpp\htdocs\app_cafe_retnowinda\public\index.php(37): CodeIgniter\CodeIgniter->run()
#12 G:\Xammpp\htdocs\app_cafe_retnowinda\vendor\codeigniter4\framework\system\Commands\Server\rewrite.php(43): require_once('G:\\Xammpp\\htdoc...')
#13 {main}
CRITICAL - 2022-02-21 20:22:34 --> Invalid file: layouts/ccomponents/sidebar.php
#0 G:\Xammpp\htdocs\app_cafe_retnowinda\vendor\codeigniter4\framework\system\View\View.php(198): CodeIgniter\Exceptions\FrameworkException::forInvalidFile('layouts/ccompon...')
#1 G:\Xammpp\htdocs\app_cafe_retnowinda\vendor\codeigniter4\framework\system\View\View.php(424): CodeIgniter\View\View->render('layouts/ccompon...', NULL, true)
#2 G:\Xammpp\htdocs\app_cafe_retnowinda\app\Views\layouts\admin.php(29): CodeIgniter\View\View->include('layouts/ccompon...')
#3 G:\Xammpp\htdocs\app_cafe_retnowinda\vendor\codeigniter4\framework\system\View\View.php(210): include('G:\\Xammpp\\htdoc...')
#4 G:\Xammpp\htdocs\app_cafe_retnowinda\vendor\codeigniter4\framework\system\View\View.php(213): CodeIgniter\View\View->CodeIgniter\View\{closure}()
#5 G:\Xammpp\htdocs\app_cafe_retnowinda\vendor\codeigniter4\framework\system\View\View.php(226): CodeIgniter\View\View->render('layouts/admin', Array, true)
#6 G:\Xammpp\htdocs\app_cafe_retnowinda\vendor\codeigniter4\framework\system\Common.php(1089): CodeIgniter\View\View->render('dashboard', Array, true)
#7 G:\Xammpp\htdocs\app_cafe_retnowinda\app\Controllers\Home.php(13): view('dashboard')
#8 G:\Xammpp\htdocs\app_cafe_retnowinda\vendor\codeigniter4\framework\system\CodeIgniter.php(825): App\Controllers\Home->dashboard()
#9 G:\Xammpp\htdocs\app_cafe_retnowinda\vendor\codeigniter4\framework\system\CodeIgniter.php(412): CodeIgniter\CodeIgniter->runController(Object(App\Controllers\Home))
#10 G:\Xammpp\htdocs\app_cafe_retnowinda\vendor\codeigniter4\framework\system\CodeIgniter.php(320): CodeIgniter\CodeIgniter->handleRequest(NULL, Object(Config\Cache), false)
#11 G:\Xammpp\htdocs\app_cafe_retnowinda\public\index.php(37): CodeIgniter\CodeIgniter->run()
#12 G:\Xammpp\htdocs\app_cafe_retnowinda\vendor\codeigniter4\framework\system\Commands\Server\rewrite.php(43): require_once('G:\\Xammpp\\htdoc...')
#13 {main}
CRITICAL - 2022-02-21 20:22:34 --> Invalid file: layouts/ccomponents/sidebar.php
#0 G:\Xammpp\htdocs\app_cafe_retnowinda\vendor\codeigniter4\framework\system\View\View.php(198): CodeIgniter\Exceptions\FrameworkException::forInvalidFile('layouts/ccompon...')
#1 G:\Xammpp\htdocs\app_cafe_retnowinda\vendor\codeigniter4\framework\system\View\View.php(424): CodeIgniter\View\View->render('layouts/ccompon...', NULL, true)
#2 G:\Xammpp\htdocs\app_cafe_retnowinda\app\Views\layouts\admin.php(29): CodeIgniter\View\View->include('layouts/ccompon...')
#3 G:\Xammpp\htdocs\app_cafe_retnowinda\vendor\codeigniter4\framework\system\View\View.php(210): include('G:\\Xammpp\\htdoc...')
#4 G:\Xammpp\htdocs\app_cafe_retnowinda\vendor\codeigniter4\framework\system\View\View.php(213): CodeIgniter\View\View->CodeIgniter\View\{closure}()
#5 G:\Xammpp\htdocs\app_cafe_retnowinda\vendor\codeigniter4\framework\system\View\View.php(226): CodeIgniter\View\View->render('layouts/admin', Array, true)
#6 G:\Xammpp\htdocs\app_cafe_retnowinda\vendor\codeigniter4\framework\system\Common.php(1089): CodeIgniter\View\View->render('dashboard', Array, true)
#7 G:\Xammpp\htdocs\app_cafe_retnowinda\app\Controllers\Home.php(13): view('dashboard')
#8 G:\Xammpp\htdocs\app_cafe_retnowinda\vendor\codeigniter4\framework\system\CodeIgniter.php(825): App\Controllers\Home->dashboard()
#9 G:\Xammpp\htdocs\app_cafe_retnowinda\vendor\codeigniter4\framework\system\CodeIgniter.php(412): CodeIgniter\CodeIgniter->runController(Object(App\Controllers\Home))
#10 G:\Xammpp\htdocs\app_cafe_retnowinda\vendor\codeigniter4\framework\system\CodeIgniter.php(320): CodeIgniter\CodeIgniter->handleRequest(NULL, Object(Config\Cache), false)
#11 G:\Xammpp\htdocs\app_cafe_retnowinda\public\index.php(37): CodeIgniter\CodeIgniter->run()
#12 G:\Xammpp\htdocs\app_cafe_retnowinda\vendor\codeigniter4\framework\system\Commands\Server\rewrite.php(43): require_once('G:\\Xammpp\\htdoc...')
#13 {main}
CRITICAL - 2022-02-21 20:22:34 --> Invalid file: layouts/ccomponents/sidebar.php
#0 G:\Xammpp\htdocs\app_cafe_retnowinda\vendor\codeigniter4\framework\system\View\View.php(198): CodeIgniter\Exceptions\FrameworkException::forInvalidFile('layouts/ccompon...')
#1 G:\Xammpp\htdocs\app_cafe_retnowinda\vendor\codeigniter4\framework\system\View\View.php(424): CodeIgniter\View\View->render('layouts/ccompon...', NULL, true)
#2 G:\Xammpp\htdocs\app_cafe_retnowinda\app\Views\layouts\admin.php(29): CodeIgniter\View\View->include('layouts/ccompon...')
#3 G:\Xammpp\htdocs\app_cafe_retnowinda\vendor\codeigniter4\framework\system\View\View.php(210): include('G:\\Xammpp\\htdoc...')
#4 G:\Xammpp\htdocs\app_cafe_retnowinda\vendor\codeigniter4\framework\system\View\View.php(213): CodeIgniter\View\View->CodeIgniter\View\{closure}()
#5 G:\Xammpp\htdocs\app_cafe_retnowinda\vendor\codeigniter4\framework\system\View\View.php(226): CodeIgniter\View\View->render('layouts/admin', Array, true)
#6 G:\Xammpp\htdocs\app_cafe_retnowinda\vendor\codeigniter4\framework\system\Common.php(1089): CodeIgniter\View\View->render('dashboard', Array, true)
#7 G:\Xammpp\htdocs\app_cafe_retnowinda\app\Controllers\Home.php(13): view('dashboard')
#8 G:\Xammpp\htdocs\app_cafe_retnowinda\vendor\codeigniter4\framework\system\CodeIgniter.php(825): App\Controllers\Home->dashboard()
#9 G:\Xammpp\htdocs\app_cafe_retnowinda\vendor\codeigniter4\framework\system\CodeIgniter.php(412): CodeIgniter\CodeIgniter->runController(Object(App\Controllers\Home))
#10 G:\Xammpp\htdocs\app_cafe_retnowinda\vendor\codeigniter4\framework\system\CodeIgniter.php(320): CodeIgniter\CodeIgniter->handleRequest(NULL, Object(Config\Cache), false)
#11 G:\Xammpp\htdocs\app_cafe_retnowinda\public\index.php(37): CodeIgniter\CodeIgniter->run()
#12 G:\Xammpp\htdocs\app_cafe_retnowinda\vendor\codeigniter4\framework\system\Commands\Server\rewrite.php(43): require_once('G:\\Xammpp\\htdoc...')
#13 {main}
CRITICAL - 2022-02-21 20:22:34 --> Invalid file: layouts/ccomponents/sidebar.php
#0 G:\Xammpp\htdocs\app_cafe_retnowinda\vendor\codeigniter4\framework\system\View\View.php(198): CodeIgniter\Exceptions\FrameworkException::forInvalidFile('layouts/ccompon...')
#1 G:\Xammpp\htdocs\app_cafe_retnowinda\vendor\codeigniter4\framework\system\View\View.php(424): CodeIgniter\View\View->render('layouts/ccompon...', NULL, true)
#2 G:\Xammpp\htdocs\app_cafe_retnowinda\app\Views\layouts\admin.php(29): CodeIgniter\View\View->include('layouts/ccompon...')
#3 G:\Xammpp\htdocs\app_cafe_retnowinda\vendor\codeigniter4\framework\system\View\View.php(210): include('G:\\Xammpp\\htdoc...')
#4 G:\Xammpp\htdocs\app_cafe_retnowinda\vendor\codeigniter4\framework\system\View\View.php(213): CodeIgniter\View\View->CodeIgniter\View\{closure}()
#5 G:\Xammpp\htdocs\app_cafe_retnowinda\vendor\codeigniter4\framework\system\View\View.php(226): CodeIgniter\View\View->render('layouts/admin', Array, true)
#6 G:\Xammpp\htdocs\app_cafe_retnowinda\vendor\codeigniter4\framework\system\Common.php(1089): CodeIgniter\View\View->render('dashboard', Array, true)
#7 G:\Xammpp\htdocs\app_cafe_retnowinda\app\Controllers\Home.php(13): view('dashboard')
#8 G:\Xammpp\htdocs\app_cafe_retnowinda\vendor\codeigniter4\framework\system\CodeIgniter.php(825): App\Controllers\Home->dashboard()
#9 G:\Xammpp\htdocs\app_cafe_retnowinda\vendor\codeigniter4\framework\system\CodeIgniter.php(412): CodeIgniter\CodeIgniter->runController(Object(App\Controllers\Home))
#10 G:\Xammpp\htdocs\app_cafe_retnowinda\vendor\codeigniter4\framework\system\CodeIgniter.php(320): CodeIgniter\CodeIgniter->handleRequest(NULL, Object(Config\Cache), false)
#11 G:\Xammpp\htdocs\app_cafe_retnowinda\public\index.php(37): CodeIgniter\CodeIgniter->run()
#12 G:\Xammpp\htdocs\app_cafe_retnowinda\vendor\codeigniter4\framework\system\Commands\Server\rewrite.php(43): require_once('G:\\Xammpp\\htdoc...')
#13 {main}
CRITICAL - 2022-02-21 20:22:35 --> Invalid file: layouts/ccomponents/sidebar.php
#0 G:\Xammpp\htdocs\app_cafe_retnowinda\vendor\codeigniter4\framework\system\View\View.php(198): CodeIgniter\Exceptions\FrameworkException::forInvalidFile('layouts/ccompon...')
#1 G:\Xammpp\htdocs\app_cafe_retnowinda\vendor\codeigniter4\framework\system\View\View.php(424): CodeIgniter\View\View->render('layouts/ccompon...', NULL, true)
#2 G:\Xammpp\htdocs\app_cafe_retnowinda\app\Views\layouts\admin.php(29): CodeIgniter\View\View->include('layouts/ccompon...')
#3 G:\Xammpp\htdocs\app_cafe_retnowinda\vendor\codeigniter4\framework\system\View\View.php(210): include('G:\\Xammpp\\htdoc...')
#4 G:\Xammpp\htdocs\app_cafe_retnowinda\vendor\codeigniter4\framework\system\View\View.php(213): CodeIgniter\View\View->CodeIgniter\View\{closure}()
#5 G:\Xammpp\htdocs\app_cafe_retnowinda\vendor\codeigniter4\framework\system\View\View.php(226): CodeIgniter\View\View->render('layouts/admin', Array, true)
#6 G:\Xammpp\htdocs\app_cafe_retnowinda\vendor\codeigniter4\framework\system\Common.php(1089): CodeIgniter\View\View->render('dashboard', Array, true)
#7 G:\Xammpp\htdocs\app_cafe_retnowinda\app\Controllers\Home.php(13): view('dashboard')
#8 G:\Xammpp\htdocs\app_cafe_retnowinda\vendor\codeigniter4\framework\system\CodeIgniter.php(825): App\Controllers\Home->dashboard()
#9 G:\Xammpp\htdocs\app_cafe_retnowinda\vendor\codeigniter4\framework\system\CodeIgniter.php(412): CodeIgniter\CodeIgniter->runController(Object(App\Controllers\Home))
#10 G:\Xammpp\htdocs\app_cafe_retnowinda\vendor\codeigniter4\framework\system\CodeIgniter.php(320): CodeIgniter\CodeIgniter->handleRequest(NULL, Object(Config\Cache), false)
#11 G:\Xammpp\htdocs\app_cafe_retnowinda\public\index.php(37): CodeIgniter\CodeIgniter->run()
#12 G:\Xammpp\htdocs\app_cafe_retnowinda\vendor\codeigniter4\framework\system\Commands\Server\rewrite.php(43): require_once('G:\\Xammpp\\htdoc...')
#13 {main}
CRITICAL - 2022-02-21 20:22:35 --> Invalid file: layouts/ccomponents/sidebar.php
#0 G:\Xammpp\htdocs\app_cafe_retnowinda\vendor\codeigniter4\framework\system\View\View.php(198): CodeIgniter\Exceptions\FrameworkException::forInvalidFile('layouts/ccompon...')
#1 G:\Xammpp\htdocs\app_cafe_retnowinda\vendor\codeigniter4\framework\system\View\View.php(424): CodeIgniter\View\View->render('layouts/ccompon...', NULL, true)
#2 G:\Xammpp\htdocs\app_cafe_retnowinda\app\Views\layouts\admin.php(29): CodeIgniter\View\View->include('layouts/ccompon...')
#3 G:\Xammpp\htdocs\app_cafe_retnowinda\vendor\codeigniter4\framework\system\View\View.php(210): include('G:\\Xammpp\\htdoc...')
#4 G:\Xammpp\htdocs\app_cafe_retnowinda\vendor\codeigniter4\framework\system\View\View.php(213): CodeIgniter\View\View->CodeIgniter\View\{closure}()
#5 G:\Xammpp\htdocs\app_cafe_retnowinda\vendor\codeigniter4\framework\system\View\View.php(226): CodeIgniter\View\View->render('layouts/admin', Array, true)
#6 G:\Xammpp\htdocs\app_cafe_retnowinda\vendor\codeigniter4\framework\system\Common.php(1089): CodeIgniter\View\View->render('dashboard', Array, true)
#7 G:\Xammpp\htdocs\app_cafe_retnowinda\app\Controllers\Home.php(13): view('dashboard')
#8 G:\Xammpp\htdocs\app_cafe_retnowinda\vendor\codeigniter4\framework\system\CodeIgniter.php(825): App\Controllers\Home->dashboard()
#9 G:\Xammpp\htdocs\app_cafe_retnowinda\vendor\codeigniter4\framework\system\CodeIgniter.php(412): CodeIgniter\CodeIgniter->runController(Object(App\Controllers\Home))
#10 G:\Xammpp\htdocs\app_cafe_retnowinda\vendor\codeigniter4\framework\system\CodeIgniter.php(320): CodeIgniter\CodeIgniter->handleRequest(NULL, Object(Config\Cache), false)
#11 G:\Xammpp\htdocs\app_cafe_retnowinda\public\index.php(37): CodeIgniter\CodeIgniter->run()
#12 G:\Xammpp\htdocs\app_cafe_retnowinda\vendor\codeigniter4\framework\system\Commands\Server\rewrite.php(43): require_once('G:\\Xammpp\\htdoc...')
#13 {main}
CRITICAL - 2022-02-21 20:22:35 --> Invalid file: layouts/ccomponents/sidebar.php
#0 G:\Xammpp\htdocs\app_cafe_retnowinda\vendor\codeigniter4\framework\system\View\View.php(198): CodeIgniter\Exceptions\FrameworkException::forInvalidFile('layouts/ccompon...')
#1 G:\Xammpp\htdocs\app_cafe_retnowinda\vendor\codeigniter4\framework\system\View\View.php(424): CodeIgniter\View\View->render('layouts/ccompon...', NULL, true)
#2 G:\Xammpp\htdocs\app_cafe_retnowinda\app\Views\layouts\admin.php(29): CodeIgniter\View\View->include('layouts/ccompon...')
#3 G:\Xammpp\htdocs\app_cafe_retnowinda\vendor\codeigniter4\framework\system\View\View.php(210): include('G:\\Xammpp\\htdoc...')
#4 G:\Xammpp\htdocs\app_cafe_retnowinda\vendor\codeigniter4\framework\system\View\View.php(213): CodeIgniter\View\View->CodeIgniter\View\{closure}()
#5 G:\Xammpp\htdocs\app_cafe_retnowinda\vendor\codeigniter4\framework\system\View\View.php(226): CodeIgniter\View\View->render('layouts/admin', Array, true)
#6 G:\Xammpp\htdocs\app_cafe_retnowinda\vendor\codeigniter4\framework\system\Common.php(1089): CodeIgniter\View\View->render('dashboard', Array, true)
#7 G:\Xammpp\htdocs\app_cafe_retnowinda\app\Controllers\Home.php(13): view('dashboard')
#8 G:\Xammpp\htdocs\app_cafe_retnowinda\vendor\codeigniter4\framework\system\CodeIgniter.php(825): App\Controllers\Home->dashboard()
#9 G:\Xammpp\htdocs\app_cafe_retnowinda\vendor\codeigniter4\framework\system\CodeIgniter.php(412): CodeIgniter\CodeIgniter->runController(Object(App\Controllers\Home))
#10 G:\Xammpp\htdocs\app_cafe_retnowinda\vendor\codeigniter4\framework\system\CodeIgniter.php(320): CodeIgniter\CodeIgniter->handleRequest(NULL, Object(Config\Cache), false)
#11 G:\Xammpp\htdocs\app_cafe_retnowinda\public\index.php(37): CodeIgniter\CodeIgniter->run()
#12 G:\Xammpp\htdocs\app_cafe_retnowinda\vendor\codeigniter4\framework\system\Commands\Server\rewrite.php(43): require_once('G:\\Xammpp\\htdoc...')
#13 {main}
CRITICAL - 2022-02-21 20:22:35 --> Invalid file: layouts/ccomponents/sidebar.php
#0 G:\Xammpp\htdocs\app_cafe_retnowinda\vendor\codeigniter4\framework\system\View\View.php(198): CodeIgniter\Exceptions\FrameworkException::forInvalidFile('layouts/ccompon...')
#1 G:\Xammpp\htdocs\app_cafe_retnowinda\vendor\codeigniter4\framework\system\View\View.php(424): CodeIgniter\View\View->render('layouts/ccompon...', NULL, true)
#2 G:\Xammpp\htdocs\app_cafe_retnowinda\app\Views\layouts\admin.php(29): CodeIgniter\View\View->include('layouts/ccompon...')
#3 G:\Xammpp\htdocs\app_cafe_retnowinda\vendor\codeigniter4\framework\system\View\View.php(210): include('G:\\Xammpp\\htdoc...')
#4 G:\Xammpp\htdocs\app_cafe_retnowinda\vendor\codeigniter4\framework\system\View\View.php(213): CodeIgniter\View\View->CodeIgniter\View\{closure}()
#5 G:\Xammpp\htdocs\app_cafe_retnowinda\vendor\codeigniter4\framework\system\View\View.php(226): CodeIgniter\View\View->render('layouts/admin', Array, true)
#6 G:\Xammpp\htdocs\app_cafe_retnowinda\vendor\codeigniter4\framework\system\Common.php(1089): CodeIgniter\View\View->render('dashboard', Array, true)
#7 G:\Xammpp\htdocs\app_cafe_retnowinda\app\Controllers\Home.php(13): view('dashboard')
#8 G:\Xammpp\htdocs\app_cafe_retnowinda\vendor\codeigniter4\framework\system\CodeIgniter.php(825): App\Controllers\Home->dashboard()
#9 G:\Xammpp\htdocs\app_cafe_retnowinda\vendor\codeigniter4\framework\system\CodeIgniter.php(412): CodeIgniter\CodeIgniter->runController(Object(App\Controllers\Home))
#10 G:\Xammpp\htdocs\app_cafe_retnowinda\vendor\codeigniter4\framework\system\CodeIgniter.php(320): CodeIgniter\CodeIgniter->handleRequest(NULL, Object(Config\Cache), false)
#11 G:\Xammpp\htdocs\app_cafe_retnowinda\public\index.php(37): CodeIgniter\CodeIgniter->run()
#12 G:\Xammpp\htdocs\app_cafe_retnowinda\vendor\codeigniter4\framework\system\Commands\Server\rewrite.php(43): require_once('G:\\Xammpp\\htdoc...')
#13 {main}
CRITICAL - 2022-02-21 20:22:35 --> Invalid file: layouts/ccomponents/sidebar.php
#0 G:\Xammpp\htdocs\app_cafe_retnowinda\vendor\codeigniter4\framework\system\View\View.php(198): CodeIgniter\Exceptions\FrameworkException::forInvalidFile('layouts/ccompon...')
#1 G:\Xammpp\htdocs\app_cafe_retnowinda\vendor\codeigniter4\framework\system\View\View.php(424): CodeIgniter\View\View->render('layouts/ccompon...', NULL, true)
#2 G:\Xammpp\htdocs\app_cafe_retnowinda\app\Views\layouts\admin.php(29): CodeIgniter\View\View->include('layouts/ccompon...')
#3 G:\Xammpp\htdocs\app_cafe_retnowinda\vendor\codeigniter4\framework\system\View\View.php(210): include('G:\\Xammpp\\htdoc...')
#4 G:\Xammpp\htdocs\app_cafe_retnowinda\vendor\codeigniter4\framework\system\View\View.php(213): CodeIgniter\View\View->CodeIgniter\View\{closure}()
#5 G:\Xammpp\htdocs\app_cafe_retnowinda\vendor\codeigniter4\framework\system\View\View.php(226): CodeIgniter\View\View->render('layouts/admin', Array, true)
#6 G:\Xammpp\htdocs\app_cafe_retnowinda\vendor\codeigniter4\framework\system\Common.php(1089): CodeIgniter\View\View->render('dashboard', Array, true)
#7 G:\Xammpp\htdocs\app_cafe_retnowinda\app\Controllers\Home.php(13): view('dashboard')
#8 G:\Xammpp\htdocs\app_cafe_retnowinda\vendor\codeigniter4\framework\system\CodeIgniter.php(825): App\Controllers\Home->dashboard()
#9 G:\Xammpp\htdocs\app_cafe_retnowinda\vendor\codeigniter4\framework\system\CodeIgniter.php(412): CodeIgniter\CodeIgniter->runController(Object(App\Controllers\Home))
#10 G:\Xammpp\htdocs\app_cafe_retnowinda\vendor\codeigniter4\framework\system\CodeIgniter.php(320): CodeIgniter\CodeIgniter->handleRequest(NULL, Object(Config\Cache), false)
#11 G:\Xammpp\htdocs\app_cafe_retnowinda\public\index.php(37): CodeIgniter\CodeIgniter->run()
#12 G:\Xammpp\htdocs\app_cafe_retnowinda\vendor\codeigniter4\framework\system\Commands\Server\rewrite.php(43): require_once('G:\\Xammpp\\htdoc...')
#13 {main}
CRITICAL - 2022-02-21 21:56:55 -->  route cannot be found while reverse-routing.
#0 G:\Xammpp\htdocs\app_cafe_retnowinda\vendor\codeigniter4\framework\system\HTTP\RedirectResponse.php(56): CodeIgniter\HTTP\Exceptions\HTTPException::forInvalidRedirectRoute('')
#1 G:\Xammpp\htdocs\app_cafe_retnowinda\vendor\codeigniter4\framework\system\Common.php(832): CodeIgniter\HTTP\RedirectResponse->route(false)
#2 G:\Xammpp\htdocs\app_cafe_retnowinda\app\Controllers\UserController.php(59): redirect('users')
#3 G:\Xammpp\htdocs\app_cafe_retnowinda\vendor\codeigniter4\framework\system\CodeIgniter.php(825): App\Controllers\UserController->delete('3')
#4 G:\Xammpp\htdocs\app_cafe_retnowinda\vendor\codeigniter4\framework\system\CodeIgniter.php(412): CodeIgniter\CodeIgniter->runController(Object(App\Controllers\UserController))
#5 G:\Xammpp\htdocs\app_cafe_retnowinda\vendor\codeigniter4\framework\system\CodeIgniter.php(320): CodeIgniter\CodeIgniter->handleRequest(NULL, Object(Config\Cache), false)
#6 G:\Xammpp\htdocs\app_cafe_retnowinda\public\index.php(37): CodeIgniter\CodeIgniter->run()
#7 G:\Xammpp\htdocs\app_cafe_retnowinda\vendor\codeigniter4\framework\system\Commands\Server\rewrite.php(43): require_once('G:\\Xammpp\\htdoc...')
#8 {main}
