CRITICAL - 2022-02-23 21:16:23 --> Call to undefined method CodeIgniter\HTTP\IncomingRequest::where()
#0 G:\Xammpp\htdocs\app_cafe_retnowinda\vendor\codeigniter4\framework\system\CodeIgniter.php(825): App\Controllers\UserController->login()
#1 G:\Xammpp\htdocs\app_cafe_retnowinda\vendor\codeigniter4\framework\system\CodeIgniter.php(412): CodeIgniter\CodeIgniter->runController(Object(App\Controllers\UserController))
#2 G:\Xammpp\htdocs\app_cafe_retnowinda\vendor\codeigniter4\framework\system\CodeIgniter.php(320): CodeIgniter\CodeIgniter->handleRequest(NULL, Object(Config\Cache), false)
#3 G:\Xammpp\htdocs\app_cafe_retnowinda\public\index.php(37): CodeIgniter\CodeIgniter->run()
#4 G:\Xammpp\htdocs\app_cafe_retnowinda\vendor\codeigniter4\framework\system\Commands\Server\rewrite.php(43): require_once('G:\\Xammpp\\htdoc...')
#5 {main}
CRITICAL - 2022-02-23 21:17:42 --> Call to undefined method CodeIgniter\HTTP\IncomingRequest::where()
#0 G:\Xammpp\htdocs\app_cafe_retnowinda\vendor\codeigniter4\framework\system\CodeIgniter.php(825): App\Controllers\UserController->login()
#1 G:\Xammpp\htdocs\app_cafe_retnowinda\vendor\codeigniter4\framework\system\CodeIgniter.php(412): CodeIgniter\CodeIgniter->runController(Object(App\Controllers\UserController))
#2 G:\Xammpp\htdocs\app_cafe_retnowinda\vendor\codeigniter4\framework\system\CodeIgniter.php(320): CodeIgniter\CodeIgniter->handleRequest(NULL, Object(Config\Cache), false)
#3 G:\Xammpp\htdocs\app_cafe_retnowinda\public\index.php(37): CodeIgniter\CodeIgniter->run()
#4 G:\Xammpp\htdocs\app_cafe_retnowinda\vendor\codeigniter4\framework\system\Commands\Server\rewrite.php(43): require_once('G:\\Xammpp\\htdoc...')
#5 {main}
CRITICAL - 2022-02-23 21:17:55 --> Call to undefined method CodeIgniter\HTTP\IncomingRequest::where()
#0 G:\Xammpp\htdocs\app_cafe_retnowinda\vendor\codeigniter4\framework\system\CodeIgniter.php(825): App\Controllers\UserController->login()
#1 G:\Xammpp\htdocs\app_cafe_retnowinda\vendor\codeigniter4\framework\system\CodeIgniter.php(412): CodeIgniter\CodeIgniter->runController(Object(App\Controllers\UserController))
#2 G:\Xammpp\htdocs\app_cafe_retnowinda\vendor\codeigniter4\framework\system\CodeIgniter.php(320): CodeIgniter\CodeIgniter->handleRequest(NULL, Object(Config\Cache), false)
#3 G:\Xammpp\htdocs\app_cafe_retnowinda\public\index.php(37): CodeIgniter\CodeIgniter->run()
#4 G:\Xammpp\htdocs\app_cafe_retnowinda\vendor\codeigniter4\framework\system\Commands\Server\rewrite.php(43): require_once('G:\\Xammpp\\htdoc...')
#5 {main}
CRITICAL - 2022-02-23 21:26:12 --> Call to undefined method CodeIgniter\HTTP\IncomingRequest::where()
#0 G:\Xammpp\htdocs\app_cafe_retnowinda\vendor\codeigniter4\framework\system\CodeIgniter.php(825): App\Controllers\UserController->login()
#1 G:\Xammpp\htdocs\app_cafe_retnowinda\vendor\codeigniter4\framework\system\CodeIgniter.php(412): CodeIgniter\CodeIgniter->runController(Object(App\Controllers\UserController))
#2 G:\Xammpp\htdocs\app_cafe_retnowinda\vendor\codeigniter4\framework\system\CodeIgniter.php(320): CodeIgniter\CodeIgniter->handleRequest(NULL, Object(Config\Cache), false)
#3 G:\Xammpp\htdocs\app_cafe_retnowinda\public\index.php(37): CodeIgniter\CodeIgniter->run()
#4 G:\Xammpp\htdocs\app_cafe_retnowinda\vendor\codeigniter4\framework\system\Commands\Server\rewrite.php(43): require_once('G:\\Xammpp\\htdoc...')
#5 {main}
