ERROR - 2022-03-04 03:54:50 --> Error connecting to the database: No connection could be made because the target machine actively refused it
CRITICAL - 2022-03-04 03:54:50 --> Unable to connect to the database.
Main connection [MySQLi]: No connection could be made because the target machine actively refused it
#0 C:\xampp\htdocs\app_cafe_retnowinda\vendor\codeigniter4\framework\system\Database\BaseConnection.php(577): CodeIgniter\Database\BaseConnection->initialize()
#1 C:\xampp\htdocs\app_cafe_retnowinda\vendor\codeigniter4\framework\system\Database\BaseBuilder.php(1455): CodeIgniter\Database\BaseConnection->query('SELECT *\nFROM `...', Array, false)
#2 C:\xampp\htdocs\app_cafe_retnowinda\vendor\codeigniter4\framework\system\Model.php(210): CodeIgniter\Database\BaseBuilder->get()
#3 C:\xampp\htdocs\app_cafe_retnowinda\vendor\codeigniter4\framework\system\BaseModel.php(622): CodeIgniter\Model->doFirst()
#4 C:\xampp\htdocs\app_cafe_retnowinda\app\Controllers\UserController.php(55): CodeIgniter\BaseModel->first()
#5 C:\xampp\htdocs\app_cafe_retnowinda\vendor\codeigniter4\framework\system\CodeIgniter.php(825): App\Controllers\UserController->login()
#6 C:\xampp\htdocs\app_cafe_retnowinda\vendor\codeigniter4\framework\system\CodeIgniter.php(412): CodeIgniter\CodeIgniter->runController(Object(App\Controllers\UserController))
#7 C:\xampp\htdocs\app_cafe_retnowinda\vendor\codeigniter4\framework\system\CodeIgniter.php(320): CodeIgniter\CodeIgniter->handleRequest(NULL, Object(Config\Cache), false)
#8 C:\xampp\htdocs\app_cafe_retnowinda\public\index.php(37): CodeIgniter\CodeIgniter->run()
#9 C:\xampp\htdocs\app_cafe_retnowinda\vendor\codeigniter4\framework\system\Commands\Server\rewrite.php(43): require_once('C:\\xampp\\htdocs...')
#10 {main}
ERROR - 2022-03-04 03:54:54 --> Error connecting to the database: No connection could be made because the target machine actively refused it
CRITICAL - 2022-03-04 03:54:54 --> Unable to connect to the database.
Main connection [MySQLi]: No connection could be made because the target machine actively refused it
#0 C:\xampp\htdocs\app_cafe_retnowinda\vendor\codeigniter4\framework\system\Database\BaseConnection.php(577): CodeIgniter\Database\BaseConnection->initialize()
#1 C:\xampp\htdocs\app_cafe_retnowinda\vendor\codeigniter4\framework\system\Database\BaseBuilder.php(1455): CodeIgniter\Database\BaseConnection->query('SELECT *\nFROM `...', Array, false)
#2 C:\xampp\htdocs\app_cafe_retnowinda\vendor\codeigniter4\framework\system\Model.php(210): CodeIgniter\Database\BaseBuilder->get()
#3 C:\xampp\htdocs\app_cafe_retnowinda\vendor\codeigniter4\framework\system\BaseModel.php(622): CodeIgniter\Model->doFirst()
#4 C:\xampp\htdocs\app_cafe_retnowinda\app\Controllers\UserController.php(55): CodeIgniter\BaseModel->first()
#5 C:\xampp\htdocs\app_cafe_retnowinda\vendor\codeigniter4\framework\system\CodeIgniter.php(825): App\Controllers\UserController->login()
#6 C:\xampp\htdocs\app_cafe_retnowinda\vendor\codeigniter4\framework\system\CodeIgniter.php(412): CodeIgniter\CodeIgniter->runController(Object(App\Controllers\UserController))
#7 C:\xampp\htdocs\app_cafe_retnowinda\vendor\codeigniter4\framework\system\CodeIgniter.php(320): CodeIgniter\CodeIgniter->handleRequest(NULL, Object(Config\Cache), false)
#8 C:\xampp\htdocs\app_cafe_retnowinda\public\index.php(37): CodeIgniter\CodeIgniter->run()
#9 C:\xampp\htdocs\app_cafe_retnowinda\vendor\codeigniter4\framework\system\Commands\Server\rewrite.php(43): require_once('C:\\xampp\\htdocs...')
#10 {main}
ERROR - 2022-03-04 03:54:59 --> Error connecting to the database: No connection could be made because the target machine actively refused it
CRITICAL - 2022-03-04 03:54:59 --> Unable to connect to the database.
Main connection [MySQLi]: No connection could be made because the target machine actively refused it
#0 C:\xampp\htdocs\app_cafe_retnowinda\vendor\codeigniter4\framework\system\Database\BaseConnection.php(577): CodeIgniter\Database\BaseConnection->initialize()
#1 C:\xampp\htdocs\app_cafe_retnowinda\vendor\codeigniter4\framework\system\Database\BaseBuilder.php(1455): CodeIgniter\Database\BaseConnection->query('SELECT *\nFROM `...', Array, false)
#2 C:\xampp\htdocs\app_cafe_retnowinda\vendor\codeigniter4\framework\system\Model.php(210): CodeIgniter\Database\BaseBuilder->get()
#3 C:\xampp\htdocs\app_cafe_retnowinda\vendor\codeigniter4\framework\system\BaseModel.php(622): CodeIgniter\Model->doFirst()
#4 C:\xampp\htdocs\app_cafe_retnowinda\app\Controllers\UserController.php(55): CodeIgniter\BaseModel->first()
#5 C:\xampp\htdocs\app_cafe_retnowinda\vendor\codeigniter4\framework\system\CodeIgniter.php(825): App\Controllers\UserController->login()
#6 C:\xampp\htdocs\app_cafe_retnowinda\vendor\codeigniter4\framework\system\CodeIgniter.php(412): CodeIgniter\CodeIgniter->runController(Object(App\Controllers\UserController))
#7 C:\xampp\htdocs\app_cafe_retnowinda\vendor\codeigniter4\framework\system\CodeIgniter.php(320): CodeIgniter\CodeIgniter->handleRequest(NULL, Object(Config\Cache), false)
#8 C:\xampp\htdocs\app_cafe_retnowinda\public\index.php(37): CodeIgniter\CodeIgniter->run()
#9 C:\xampp\htdocs\app_cafe_retnowinda\vendor\codeigniter4\framework\system\Commands\Server\rewrite.php(43): require_once('C:\\xampp\\htdocs...')
#10 {main}
ERROR - 2022-03-04 03:55:03 --> Error connecting to the database: No connection could be made because the target machine actively refused it
CRITICAL - 2022-03-04 03:55:03 --> Unable to connect to the database.
Main connection [MySQLi]: No connection could be made because the target machine actively refused it
#0 C:\xampp\htdocs\app_cafe_retnowinda\vendor\codeigniter4\framework\system\Database\BaseConnection.php(577): CodeIgniter\Database\BaseConnection->initialize()
#1 C:\xampp\htdocs\app_cafe_retnowinda\vendor\codeigniter4\framework\system\Database\BaseBuilder.php(1455): CodeIgniter\Database\BaseConnection->query('SELECT *\nFROM `...', Array, false)
#2 C:\xampp\htdocs\app_cafe_retnowinda\vendor\codeigniter4\framework\system\Model.php(210): CodeIgniter\Database\BaseBuilder->get()
#3 C:\xampp\htdocs\app_cafe_retnowinda\vendor\codeigniter4\framework\system\BaseModel.php(622): CodeIgniter\Model->doFirst()
#4 C:\xampp\htdocs\app_cafe_retnowinda\app\Controllers\UserController.php(55): CodeIgniter\BaseModel->first()
#5 C:\xampp\htdocs\app_cafe_retnowinda\vendor\codeigniter4\framework\system\CodeIgniter.php(825): App\Controllers\UserController->login()
#6 C:\xampp\htdocs\app_cafe_retnowinda\vendor\codeigniter4\framework\system\CodeIgniter.php(412): CodeIgniter\CodeIgniter->runController(Object(App\Controllers\UserController))
#7 C:\xampp\htdocs\app_cafe_retnowinda\vendor\codeigniter4\framework\system\CodeIgniter.php(320): CodeIgniter\CodeIgniter->handleRequest(NULL, Object(Config\Cache), false)
#8 C:\xampp\htdocs\app_cafe_retnowinda\public\index.php(37): CodeIgniter\CodeIgniter->run()
#9 C:\xampp\htdocs\app_cafe_retnowinda\vendor\codeigniter4\framework\system\Commands\Server\rewrite.php(43): require_once('C:\\xampp\\htdocs...')
#10 {main}
